<?xml version="1.0" encoding="UTF-8"?>
<!-- Generated by org.testng.reporters.JUnitReportReporter -->
<testsuite hostname="LIN30000593" failures="0" tests="2" name="org.rahulshetty.errorvalidationTest" time="23.936" errors="0" timestamp="2024-05-25T16:53:42 IST" skipped="0">
  <testcase classname="org.rahulshetty.errorvalidationTest" name="productvalidation" time="15.982"/>
  <testcase classname="org.rahulshetty.errorvalidationTest" name="errorvalidation" time="7.954"/>
</testsuite> <!-- org.rahulshetty.errorvalidationTest -->
