<?xml version="1.0" encoding="UTF-8"?>
<!-- Generated by org.testng.reporters.JUnitReportReporter -->
<testsuite hostname="LIN30000593" failures="0" tests="1" name="cucumber.TestNgtestRunner" time="19.904" errors="0" timestamp="2024-05-25T16:59:05 IST" skipped="0">
  <testcase classname="cucumber.TestNgtestRunner" name="runScenario" time="19.904"/>
</testsuite> <!-- cucumber.TestNgtestRunner -->
