<?xml version="1.0" encoding="UTF-8"?>
<!-- Generated by org.testng.reporters.JUnitReportReporter -->
<testsuite hostname="LIN30000593" failures="0" tests="2" name="org.rahulshetty.submitordertest" time="26.803" errors="0" timestamp="2024-05-25T16:53:42 IST" skipped="0">
  <testcase classname="org.rahulshetty.submitordertest" name="ordercheck" time="9.910"/>
  <testcase classname="org.rahulshetty.submitordertest" name="submitorder" time="16.893"/>
</testsuite> <!-- org.rahulshetty.submitordertest -->
